<?xml version="1.0" encoding="UTF-8"?>
<!-- Generated by org.testng.reporters.JUnitReportReporter -->
<testsuite skipped="0" hostname="LAPTOP-76KV8DF9" name="NewTest" tests="2" failures="0" timestamp="12 Jun 2019 11:04:55 GMT" time="79.013" errors="0">
  <testcase name="test01" time="38.862" classname="NewTest"/>
  <testcase name="test02" time="40.151" classname="NewTest"/>
</testsuite> <!-- NewTest -->
