<?xml version="1.0" encoding="UTF-8"?>
<!-- Generated by org.testng.reporters.JUnitReportReporter -->
<testsuite skipped="0" hostname="LAPTOP-76KV8DF9" name="NewTest2" tests="1" failures="0" timestamp="05 Aug 2019 06:39:45 GMT" time="8.998" errors="0">
  <testcase name="testMethod" time="8.998" classname="NewTest2"/>
</testsuite> <!-- NewTest2 -->
